<?xml version="1.0" encoding="UTF-8"?>
<coverage generated="1772661444532" clover="3.2.0">
  <project timestamp="1772661444532" name="All files">
    <metrics statements="13" coveredstatements="10" conditionals="4" coveredconditionals="1" methods="4" coveredmethods="3" elements="21" coveredelements="14" complexity="0" loc="13" ncloc="13" packages="1" files="1" classes="1"/>
    <file name="app.js" path="/home/isabella/Taller_CICD/src/app.js">
      <metrics statements="13" coveredstatements="10" conditionals="4" coveredconditionals="1" methods="4" coveredmethods="3"/>
      <line num="1" count="1" type="stmt"/>
      <line num="2" count="1" type="stmt"/>
      <line num="4" count="1" type="stmt"/>
      <line num="5" count="1" type="stmt"/>
      <line num="8" count="1" type="stmt"/>
      <line num="9" count="1" type="stmt"/>
      <line num="12" count="1" type="stmt"/>
      <line num="13" count="1" type="stmt"/>
      <line num="16" count="1" type="stmt"/>
      <line num="18" count="1" type="cond" truecount="1" falsecount="1"/>
      <line num="19" count="0" type="cond" truecount="0" falsecount="2"/>
      <line num="20" count="0" type="stmt"/>
      <line num="21" count="0" type="stmt"/>
    </file>
  </project>
</coverage>
